<?xml version="1.0" encoding="UTF-8"?>
<!-- Generated by org.testng.reporters.JUnitReportReporter -->
<testsuite hostname="DESKTOP-KCFKTQ7" failures="0" tests="2" name="tests.ProductPageTest" time="60.720" errors="0" timestamp="2020-05-16T21:08:57 CEST" skipped="0">
  <testcase classname="tests.ProductPageTest" name="addingProducts" time="50.100"/>
  <testcase classname="tests.ProductPageTest" name="priceChange" time="10.620"/>
</testsuite> <!-- tests.ProductPageTest -->
