<?xml version="1.0" encoding="UTF-8"?>
<!-- Generated by org.testng.reporters.JUnitReportReporter -->
<testsuite hostname="DESKTOP-KCFKTQ7" failures="0" tests="1" name="GoogleHomePageTitle" time="1.356" errors="0" timestamp="2020-05-06T23:24:58 CEST" skipped="0">
  <testcase classname="GoogleHomePageTitle" name="verifyGooglePageTittle" time="1.356"/>
  <system-out/>
</testsuite> <!-- GoogleHomePageTitle -->
