<?xml version="1.0" encoding="UTF-8"?>
<!-- Generated by org.testng.reporters.JUnitReportReporter -->
<testsuite hostname="DESKTOP-KCFKTQ7" failures="0" tests="5" name="tests.LandingPageTest" time="9.309" errors="0" timestamp="2020-05-11T01:29:27 CEST" skipped="4">
  <testcase classname="tests.LandingPageTest" name="loginBothFieldsValid" time="9.309"/>
  <testcase classname="tests.LandingPageTest" name="loginBothFieldsInvalid">
    <skipped/>
  </testcase> <!-- loginBothFieldsInvalid -->
  <testcase classname="tests.LandingPageTest" name="loginBlankFields">
    <skipped/>
  </testcase> <!-- loginBlankFields -->
  <testcase classname="tests.LandingPageTest" name="loginFirstField">
    <skipped/>
  </testcase> <!-- loginFirstField -->
  <testcase classname="tests.LandingPageTest" name="loginSecondField">
    <skipped/>
  </testcase> <!-- loginSecondField -->
</testsuite> <!-- tests.LandingPageTest -->
