<?xml version="1.0" encoding="UTF-8"?>
<!-- Generated by org.testng.reporters.JUnitReportReporter -->
<testsuite hostname="DESKTOP-KCFKTQ7" failures="0" tests="2" name="tests.ProductPageTest" time="75.431" errors="0" timestamp="2020-05-11T01:29:27 CEST" skipped="0">
  <testcase classname="tests.ProductPageTest" name="addingProducts" time="44.919"/>
  <testcase classname="tests.ProductPageTest" name="priceChange" time="30.512"/>
</testsuite> <!-- tests.ProductPageTest -->
